Using pre-set license
Built from '2021.3/staging' branch; Version is '2021.3.5f1 (40eb3a945986) revision 4254522'; Using compiler version '192829333'; Build Type 'Release'
OS: 'Windows 10  (10.0.19044) 64bit Core' Language: 'ru' Physical Memory: 16322 MB
BatchMode: 1, IsHumanControllingUs: 0, StartBugReporterOnCrash: 0, Is64bit: 1, IsPro: 1

COMMAND LINE ARGUMENTS:
C:\Program Files\Unity\Hub\Editor\2021.3.5f1\Editor\Unity.exe
-adb2
-batchMode
-noUpm
-name
AssetImportWorker0
-projectPath
C:/Users/Dmitry/Documents/timofeevdn/SoundBinderTree/TreeViewExamples
-logFile
Logs/AssetImportWorker0.log
-srvPort
62232
Successfully changed project path to: C:/Users/Dmitry/Documents/timofeevdn/SoundBinderTree/TreeViewExamples
C:/Users/Dmitry/Documents/timofeevdn/SoundBinderTree/TreeViewExamples
[UnityMemory] Configuration Parameters - Can be set up in boot.config
    "memorysetup-bucket-allocator-granularity=16"
    "memorysetup-bucket-allocator-bucket-count=8"
    "memorysetup-bucket-allocator-block-size=33554432"
    "memorysetup-bucket-allocator-block-count=8"
    "memorysetup-main-allocator-block-size=16777216"
    "memorysetup-thread-allocator-block-size=16777216"
    "memorysetup-gfx-main-allocator-block-size=16777216"
    "memorysetup-gfx-thread-allocator-block-size=16777216"
    "memorysetup-cache-allocator-block-size=4194304"
    "memorysetup-typetree-allocator-block-size=2097152"
    "memorysetup-profiler-bucket-allocator-granularity=16"
    "memorysetup-profiler-bucket-allocator-bucket-count=8"
    "memorysetup-profiler-bucket-allocator-block-size=33554432"
    "memorysetup-profiler-bucket-allocator-block-count=8"
    "memorysetup-profiler-allocator-block-size=16777216"
    "memorysetup-profiler-editor-allocator-block-size=1048576"
    "memorysetup-temp-allocator-size-main=16777216"
    "memorysetup-job-temp-allocator-block-size=2097152"
    "memorysetup-job-temp-allocator-block-size-background=1048576"
    "memorysetup-job-temp-allocator-reduction-small-platforms=262144"
    "memorysetup-temp-allocator-size-background-worker=32768"
    "memorysetup-temp-allocator-size-job-worker=262144"
    "memorysetup-temp-allocator-size-preload-manager=33554432"
    "memorysetup-temp-allocator-size-nav-mesh-worker=65536"
    "memorysetup-temp-allocator-size-audio-worker=65536"
    "memorysetup-temp-allocator-size-cloud-worker=32768"
    "memorysetup-temp-allocator-size-gi-baking-worker=262144"
    "memorysetup-temp-allocator-size-gfx=262144"
Refreshing native plugins compatible for Editor in 93.23 ms, found 3 plugins.
Preloading 0 native plugins for Editor in 0.00 ms.
Initialize engine version: 2021.3.5f1 (40eb3a945986)
[Subsystems] Discovering subsystems at path C:/Program Files/Unity/Hub/Editor/2021.3.5f1/Editor/Data/Resources/UnitySubsystems
[Subsystems] Discovering subsystems at path C:/Users/Dmitry/Documents/timofeevdn/SoundBinderTree/TreeViewExamples/Assets
GfxDevice: creating device client; threaded=0; jobified=0
Direct3D:
    Version:  Direct3D 11.0 [level 11.0]
    Renderer: NVIDIA GeForce GT 730 (ID=0x1287)
    Vendor:   NVIDIA
    VRAM:     2007 MB
    Driver:   27.21.14.5671
Initialize mono
Mono path[0] = 'C:/Program Files/Unity/Hub/Editor/2021.3.5f1/Editor/Data/Managed'
Mono path[1] = 'C:/Program Files/Unity/Hub/Editor/2021.3.5f1/Editor/Data/MonoBleedingEdge/lib/mono/unityjit-win32'
Mono config path = 'C:/Program Files/Unity/Hub/Editor/2021.3.5f1/Editor/Data/MonoBleedingEdge/etc'
Using monoOptions --debugger-agent=transport=dt_socket,embedding=1,server=y,suspend=n,address=127.0.0.1:56536
Begin MonoManager ReloadAssembly
Registering precompiled unity dll's ...
Register platform support module: C:/Program Files/Unity/Hub/Editor/2021.3.5f1/Editor/Data/PlaybackEngines/WebGLSupport/UnityEditor.WebGL.Extensions.dll
Register platform support module: C:/Program Files/Unity/Hub/Editor/2021.3.5f1/Editor/Data/PlaybackEngines/AndroidPlayer/UnityEditor.Android.Extensions.dll
Register platform support module: C:/Program Files/Unity/Hub/Editor/2021.3.5f1/Editor/Data/PlaybackEngines/WindowsStandaloneSupport/UnityEditor.WindowsStandalone.Extensions.dll
Register platform support module: C:/Program Files/Unity/Hub/Editor/2021.3.5f1/Editor/Data/PlaybackEngines/MetroSupport/UnityEditor.UWP.Extensions.dll
Registered in 0.011754 seconds.
Native extension for UWP target not found
Native extension for WindowsStandalone target not found
Native extension for Android target not found
Native extension for WebGL target not found
Refreshing native plugins compatible for Editor in 83.11 ms, found 3 plugins.
Preloading 0 native plugins for Editor in 0.00 ms.
Mono: successfully reloaded assembly
- Completed reload, in  0.929 seconds
Domain Reload Profiling:
	ReloadAssembly (929ms)
		BeginReloadAssembly (171ms)
			ExecutionOrderSort (0ms)
			DisableScriptedObjects (0ms)
			BackupInstance (0ms)
			ReleaseScriptingObjects (0ms)
			CreateAndSetChildDomain (1ms)
		EndReloadAssembly (605ms)
			LoadAssemblies (170ms)
			RebuildTransferFunctionScriptingTraits (0ms)
			SetupTypeCache (148ms)
			ReleaseScriptCaches (0ms)
			RebuildScriptCaches (37ms)
			SetupLoadedEditorAssemblies (338ms)
				LogAssemblyErrors (0ms)
				InitializePlatformSupportModulesInManaged (72ms)
				SetLoadedEditorAssemblies (0ms)
				RefreshPlugins (83ms)
				BeforeProcessingInitializeOnLoad (2ms)
				ProcessInitializeOnLoadAttributes (118ms)
				ProcessInitializeOnLoadMethodAttributes (63ms)
				AfterProcessingInitializeOnLoad (0ms)
				EditorAssembliesLoaded (0ms)
			ExecutionOrderSort2 (0ms)
			AwakeInstancesAfterBackupRestoration (0ms)
Platform modules already initialized, skipping
Registering precompiled user dll's ...
Registered in 0.006519 seconds.
Begin MonoManager ReloadAssembly
Symbol file LoadedFromMemory doesn't match image C:\Users\Dmitry\Documents\timofeevdn\SoundBinderTree\TreeViewExamples\Library\PackageCache\com.unity.visualscripting@1.7.8\Editor\VisualScripting.Core\Dependencies\YamlDotNet\Unity.VisualScripting.YamlDotNet.dll
Symbol file LoadedFromMemory doesn't match image C:\Users\Dmitry\Documents\timofeevdn\SoundBinderTree\TreeViewExamples\Library\PackageCache\com.unity.visualscripting@1.7.8\Editor\VisualScripting.Core\Dependencies\DotNetZip\Unity.VisualScripting.IonicZip.dll
Native extension for UWP target not found
Native extension for WindowsStandalone target not found
Native extension for Android target not found
Native extension for WebGL target not found
Refreshing native plugins compatible for Editor in 0.65 ms, found 3 plugins.
Preloading 0 native plugins for Editor in 0.00 ms.
Mono: successfully reloaded assembly
- Completed reload, in  1.319 seconds
Domain Reload Profiling:
	ReloadAssembly (1320ms)
		BeginReloadAssembly (153ms)
			ExecutionOrderSort (0ms)
			DisableScriptedObjects (10ms)
			BackupInstance (0ms)
			ReleaseScriptingObjects (0ms)
			CreateAndSetChildDomain (30ms)
		EndReloadAssembly (1024ms)
			LoadAssemblies (100ms)
			RebuildTransferFunctionScriptingTraits (0ms)
			SetupTypeCache (287ms)
			ReleaseScriptCaches (1ms)
			RebuildScriptCaches (65ms)
			SetupLoadedEditorAssemblies (507ms)
				LogAssemblyErrors (0ms)
				InitializePlatformSupportModulesInManaged (23ms)
				SetLoadedEditorAssemblies (1ms)
				RefreshPlugins (1ms)
				BeforeProcessingInitializeOnLoad (89ms)
				ProcessInitializeOnLoadAttributes (344ms)
				ProcessInitializeOnLoadMethodAttributes (39ms)
				AfterProcessingInitializeOnLoad (11ms)
				EditorAssembliesLoaded (0ms)
			ExecutionOrderSort2 (0ms)
			AwakeInstancesAfterBackupRestoration (6ms)
Platform modules already initialized, skipping
========================================================================
Worker process is ready to serve import requests
Launched and connected shader compiler UnityShaderCompiler.exe after 0.10 seconds
Refreshing native plugins compatible for Editor in 0.96 ms, found 3 plugins.
Preloading 0 native plugins for Editor in 0.00 ms.
Unloading 3263 Unused Serialized files (Serialized files now loaded: 0)
Unloading 24 unused Assets / (55.3 KB). Loaded Objects now: 3724.
Memory consumption went from 111.9 MB to 111.9 MB.
Total: 6.979700 ms (FindLiveObjects: 1.946300 ms CreateObjectMapping: 0.705400 ms MarkObjects: 4.223000 ms  DeleteObjects: 0.103600 ms)

AssetImportParameters requested are different than current active one (requested -> active):
  custom:video-decoder-ogg-theora: a1e56fd34408186e4bbccfd4996cb3dc -> 
  custom:container-muxer-webm: aa71ff27fc2769a1b78a27578f13a17b -> 
  custom:container-demuxer-webm: 4f35f7cbe854078d1ac9338744f61a02 -> 
  custom:video-encoder-webm-vp8: eb34c28f22e8b96e1ab97ce403110664 -> 
  custom:audio-encoder-webm-vorbis: bf7c407c2cedff20999df2af8eb42d56 -> 
  custom:framework-win-MediaFoundation: 216162199b28c13a410421893ffa2e32 -> 
  custom:container-demuxer-ogg: 62fdf1f143b41e24485cea50d1cbac27 -> 
  custom:video-decoder-webm-vp8: 9c59270c3fd7afecdb556c50c9e8de78 -> 
  custom:audio-decoder-ogg-vorbis: bf7c407c2cedff20999df2af8eb42d56 -> 
========================================================================
Received Import Request.
  Time since last request: 1079095.740148 seconds.
  path: Assets/Editor
  artifactKey: Guid(c4b0530859219488fba5a3cfeb0904e2) Importer(815301076,1909f56bfc062723c751e8b465ee728b)
Start importing Assets/Editor using Guid(c4b0530859219488fba5a3cfeb0904e2) Importer(815301076,1909f56bfc062723c751e8b465ee728b)  -> (artifact id: '150a4236946b38e1ef5a5f4ba1246c51') in 0.013730 seconds 
========================================================================
Received Import Request.
  Time since last request: 2.994271 seconds.
  path: Assets/Editor/TreeViewExamples
  artifactKey: Guid(f5049cfc451bfb04b98f8a9642ad16fa) Importer(815301076,1909f56bfc062723c751e8b465ee728b)
Start importing Assets/Editor/TreeViewExamples using Guid(f5049cfc451bfb04b98f8a9642ad16fa) Importer(815301076,1909f56bfc062723c751e8b465ee728b)  -> (artifact id: '3d1d396ee6eef84bba4071291ce260fa') in 0.009367 seconds 
========================================================================
Received Import Request.
  Time since last request: 1.381729 seconds.
  path: Assets/Editor/TreeViewExamples/BackendData
  artifactKey: Guid(352ae18c571bea34092dc22719650ab6) Importer(815301076,1909f56bfc062723c751e8b465ee728b)
Start importing Assets/Editor/TreeViewExamples/BackendData using Guid(352ae18c571bea34092dc22719650ab6) Importer(815301076,1909f56bfc062723c751e8b465ee728b)  -> (artifact id: 'f80ddd69cdfdda4af1cdb6a89fd7baae') in 0.008149 seconds 
========================================================================
Received Import Request.
  Time since last request: 0.974509 seconds.
  path: Assets/Editor/TreeViewExamples/BackendData/MyTreeAsset.cs
  artifactKey: Guid(13981b66f67204744891820795ef4230) Importer(815301076,1909f56bfc062723c751e8b465ee728b)
Start importing Assets/Editor/TreeViewExamples/BackendData/MyTreeAsset.cs using Guid(13981b66f67204744891820795ef4230) Importer(815301076,1909f56bfc062723c751e8b465ee728b)  -> (artifact id: '45160d1531210c7ca2f119b68ff43e8b') in 0.031718 seconds 
========================================================================
Received Import Request.
  Time since last request: 0.840006 seconds.
  path: Assets/Editor/TreeViewExamples/BackendData/MyTreeAssetEditor.cs
  artifactKey: Guid(7489aa2dcfff17d49bc0775cfcc18578) Importer(815301076,1909f56bfc062723c751e8b465ee728b)
Start importing Assets/Editor/TreeViewExamples/BackendData/MyTreeAssetEditor.cs using Guid(7489aa2dcfff17d49bc0775cfcc18578) Importer(815301076,1909f56bfc062723c751e8b465ee728b)  -> (artifact id: 'd53a6f395711bf3bbfa6b681df675921') in 0.008324 seconds 
========================================================================
Received Import Request.
  Time since last request: 0.434640 seconds.
  path: Assets/Editor/TreeViewExamples/BackendData/MyTreeElement.cs
  artifactKey: Guid(f1bafad60d37c484dab3ce5b74c04a6a) Importer(815301076,1909f56bfc062723c751e8b465ee728b)
Start importing Assets/Editor/TreeViewExamples/BackendData/MyTreeElement.cs using Guid(f1bafad60d37c484dab3ce5b74c04a6a) Importer(815301076,1909f56bfc062723c751e8b465ee728b)  -> (artifact id: '6e9a878aacdb9667c3982c14e607ff09') in 0.007939 seconds 
========================================================================
Received Import Request.
  Time since last request: 0.449229 seconds.
  path: Assets/Editor/TreeViewExamples/BackendData/TreeViewWithTreeModel.cs
  artifactKey: Guid(68fe63fd42552e7418aac450b41b8afb) Importer(815301076,1909f56bfc062723c751e8b465ee728b)
Start importing Assets/Editor/TreeViewExamples/BackendData/TreeViewWithTreeModel.cs using Guid(68fe63fd42552e7418aac450b41b8afb) Importer(815301076,1909f56bfc062723c751e8b465ee728b)  -> (artifact id: '0eb6376ef010ca0a7d191007dbbccca9') in 0.007755 seconds 
========================================================================
Received Import Request.
  Time since last request: 4.381037 seconds.
  path: Assets/Editor/TreeDataModel/TreeElement.cs
  artifactKey: Guid(69be32fe4d27dde489209c5885c1e5dc) Importer(815301076,1909f56bfc062723c751e8b465ee728b)
Start importing Assets/Editor/TreeDataModel/TreeElement.cs using Guid(69be32fe4d27dde489209c5885c1e5dc) Importer(815301076,1909f56bfc062723c751e8b465ee728b)  -> (artifact id: '70c681d1889adf509d3c0a267959e811') in 0.008006 seconds 
========================================================================
Received Import Request.
  Time since last request: 0.398451 seconds.
  path: Assets/Editor/TreeDataModel/TreeElementUtility.cs
  artifactKey: Guid(fd65e8f324e17a344a97ddcf5a8d89d2) Importer(815301076,1909f56bfc062723c751e8b465ee728b)
Start importing Assets/Editor/TreeDataModel/TreeElementUtility.cs using Guid(fd65e8f324e17a344a97ddcf5a8d89d2) Importer(815301076,1909f56bfc062723c751e8b465ee728b)  -> (artifact id: '2cdd5fa5ac19d82bf54683a9941fc125') in 0.007400 seconds 
========================================================================
Received Import Request.
  Time since last request: 0.392859 seconds.
  path: Assets/Editor/TreeDataModel/TreeModel.cs
  artifactKey: Guid(6f9fab1cf2636a6439c644bf08108abb) Importer(815301076,1909f56bfc062723c751e8b465ee728b)
Start importing Assets/Editor/TreeDataModel/TreeModel.cs using Guid(6f9fab1cf2636a6439c644bf08108abb) Importer(815301076,1909f56bfc062723c751e8b465ee728b)  -> (artifact id: '5161d34ab6190f167ab6df6d3a5848ee') in 0.006393 seconds 
